2024-01-10 11:13:37.6984 INFO Entering the ProcessLogin Method
2024-01-10 11:13:37.7374 INFO Parameter: Username: JT | Passowrd: gamedev
2024-01-10 11:13:38.4096 INFO Login Success
2024-01-10 11:13:52.3587 INFO Entering the ProcessLogin Method
2024-01-10 11:13:52.3587 INFO Parameter: Username: JT | Passowrd: gmaedev
2024-01-10 11:13:52.3759 INFO Login Failure
2024-01-10 11:14:00.6271 INFO Entering the ProcessLogin Method
2024-01-10 11:14:00.6271 INFO Parameter: Username: JT | Passowrd: gamedev
2024-01-10 11:14:00.6271 INFO Login Success
2024-01-10 11:14:54.8669 INFO Entering the ProcessLogin Method
2024-01-10 11:14:54.8861 INFO Parameter: Username: JT | Passowrd: gmaedev
2024-01-10 11:14:55.0073 INFO Login Failure
2024-01-10 11:15:00.7457 INFO Entering the ProcessLogin Method
2024-01-10 11:15:00.7457 INFO Parameter: Username: JT | Passowrd: gamedev
2024-01-10 11:15:00.7457 INFO Login Success
2024-01-10 11:40:31.0224 INFO Entering the ProcessLogin Method
2024-01-10 11:40:31.0414 INFO Parameter: Username: JT | Passowrd: gamerdev
2024-01-10 11:40:31.8355 INFO Login Failure
2024-01-10 11:40:34.8616 INFO Entering the ProcessLogin Method
2024-01-10 11:40:34.8616 INFO Parameter: Username: JT | Passowrd: gamedev
2024-01-10 11:40:34.8616 INFO Login Success
2024-01-10 11:50:56.4003 INFO Entering the ProcessLogin Method
2024-01-10 11:50:56.4194 INFO Parameter: Username: JT | Passowrd: gamedev
2024-01-10 11:50:57.1102 INFO Login Success
2024-01-10 13:06:23.2165 INFO Entering the ProcessLogin Method
2024-01-10 13:06:23.2367 INFO Parameter: Username: JT | Passowrd: gamedev
2024-01-10 13:06:24.0105 INFO Login Success
2024-01-10 13:06:24.0105 INFO Entering the ProcessLogin Method
2024-01-10 13:08:18.3034 INFO Entering the ProcessLogin Method
2024-01-10 13:08:18.3034 INFO Parameter: Username: JT | Passowrd: gamedev
2024-01-10 13:08:18.3034 INFO Login Success
2024-01-10 13:08:18.3034 INFO Entering the ProcessLogin Method
2024-01-10 13:10:52.0957 INFO Entering the ProcessLogin Method
2024-01-10 13:10:52.1189 INFO Parameter: Username: JT | Passowrd: gamedev
2024-01-10 13:10:52.2420 INFO Login Success
2024-01-10 13:10:52.2420 INFO Entering the ProcessLogin Method
2024-01-10 13:17:49.6896 INFO Entering the ProcessLogin Method
2024-01-10 13:17:49.7087 INFO Parameter: Username: JT | Passowrd: gamedev
2024-01-10 13:17:49.8324 INFO Login Success
2024-01-10 13:17:49.8324 INFO Entering the ProcessLogin Method
2024-01-10 13:20:54.9985 INFO Entering the ProcessLogin Method
2024-01-10 13:20:55.0196 INFO Parameter: Username: JT | Passowrd: gamedev
2024-01-10 13:20:55.1543 INFO Login Success
2024-01-10 13:20:55.1543 INFO Entering the ProcessLogin Method
2024-01-10 13:24:41.9484 INFO Entering the ProcessLogin Method
2024-01-10 13:24:41.9706 INFO Parameter: Username: JT | Passowrd: gamedev
2024-01-10 13:24:42.1159 INFO Login Success
2024-01-10 13:24:42.1159 INFO Entering the ProcessLogin Method
2024-01-10 14:01:31.9733 INFO Entering the ProcessLogin Method
2024-01-10 14:01:32.6534 INFO Login Failure
2024-01-10 14:01:32.6534 INFO Parameter: Username: JT | Passowrd: gmaedev
2024-01-10 14:01:32.6534 INFO Leaving the ProcessLogin Method
2024-01-10 14:01:38.1595 INFO Entering the ProcessLogin Method
2024-01-10 14:01:38.1595 INFO Login Success
2024-01-10 14:01:38.1595 INFO Parameter: Username: JT | Passowrd: gamedev
2024-01-10 14:01:38.1595 INFO Leaving the ProcessLogin Method
